<?xml version="1.0" encoding="UTF-8"?>
<testng-results skipped="0" failed="2" total="2" passed="0">
  <reporter-output>
  </reporter-output>
  <suite name="Default suite" duration-ms="177460" started-at="2019-01-15T02:26:53Z" finished-at="2019-01-15T02:29:50Z">
    <groups>
    </groups>
    <test name="Default test" duration-ms="177460" started-at="2019-01-15T02:26:53Z" finished-at="2019-01-15T02:29:50Z">
      <class name="cn.taofen8.test.tf8_test">
        <test-method status="PASS" signature="setup()[pri:0, instance:cn.taofen8.test.tf8_test@cd63cd3]" name="setup" is-config="true" duration-ms="38052" started-at="2019-01-15T10:26:53Z" finished-at="2019-01-15T10:27:31Z">
          <reporter-output>
          </reporter-output>
        </test-method> <!-- setup -->
        <test-method status="FAIL" signature="test1()[pri:0, instance:cn.taofen8.test.tf8_test@cd63cd3]" name="test1" duration-ms="89788" started-at="2019-01-15T10:27:31Z" finished-at="2019-01-15T10:29:01Z">
          <exception class="org.openqa.selenium.NoSuchElementException">
            <message>
              <![CDATA[An element could not be located on the page using the given search parameters. (WARNING: The server did not provide any stacktrace information)
Command duration or timeout: 10.28 seconds
For documentation on this error, please visit: http://seleniumhq.org/exceptions/no_such_element.html
Build info: version: '2.53.1', revision: 'a36b8b1', time: '2016-06-30 17:37:03'
System info: host: 'DESKTOP-00V8S38', ip: '192.168.30.133', os.name: 'Windows 8.1', os.arch: 'amd64', os.version: '6.3', java.version: '1.7.0_80'
*** Element info: {Using=id, value=com.leixun.taofen8:id/back}
Session ID: cf5006ba-03c3-462f-881c-986b35bee56d
Driver info: io.appium.java_client.android.AndroidDriver
Capabilities [{automationName=Appium, app=D:\zl\zl_workspace\TestAppniumSelenium\apps\V10.22.apk, platform=LINUX, javascriptEnabled=true, appActivity=.module.load.LoadActivity, networkConnectionEnabled=true, deviceModel=oppo r7s, sessionOverride=true, noSign=true, desired={automationName=Appium, app=D:\zl\zl_workspace\TestAppniumSelenium\apps\V10.22.apk, platformVersion=5.1.1, platformName=Android, deviceName=HTC D816w, appActivity=.module.load.LoadActivity, noSign=true, unicodeKeyboard=true, sessionOverride=true, resetKeyboard=false, appPackage=com.leixun.taofen8, noReset=true}, locationContextEnabled=false, appPackage=com.leixun.taofen8, deviceUDID=emulator-5554, noReset=true, platformVersion=5.1.1, databaseEnabled=false, deviceScreenSize=1080x1920, platformName=Android, deviceName=emulator-5554, deviceManufacturer=oppo, webStorageEnabled=false, unicodeKeyboard=true, resetKeyboard=false, warnings={}, takesScreenshot=true}]]]>
            </message>
            <full-stacktrace>
              <![CDATA[org.openqa.selenium.NoSuchElementException: An element could not be located on the page using the given search parameters. (WARNING: The server did not provide any stacktrace information)
Command duration or timeout: 10.28 seconds
For documentation on this error, please visit: http://seleniumhq.org/exceptions/no_such_element.html
Build info: version: '2.53.1', revision: 'a36b8b1', time: '2016-06-30 17:37:03'
System info: host: 'DESKTOP-00V8S38', ip: '192.168.30.133', os.name: 'Windows 8.1', os.arch: 'amd64', os.version: '6.3', java.version: '1.7.0_80'
*** Element info: {Using=id, value=com.leixun.taofen8:id/back}
Session ID: cf5006ba-03c3-462f-881c-986b35bee56d
Driver info: io.appium.java_client.android.AndroidDriver
Capabilities [{automationName=Appium, app=D:\zl\zl_workspace\TestAppniumSelenium\apps\V10.22.apk, platform=LINUX, javascriptEnabled=true, appActivity=.module.load.LoadActivity, networkConnectionEnabled=true, deviceModel=oppo r7s, sessionOverride=true, noSign=true, desired={automationName=Appium, app=D:\zl\zl_workspace\TestAppniumSelenium\apps\V10.22.apk, platformVersion=5.1.1, platformName=Android, deviceName=HTC D816w, appActivity=.module.load.LoadActivity, noSign=true, unicodeKeyboard=true, sessionOverride=true, resetKeyboard=false, appPackage=com.leixun.taofen8, noReset=true}, locationContextEnabled=false, appPackage=com.leixun.taofen8, deviceUDID=emulator-5554, noReset=true, platformVersion=5.1.1, databaseEnabled=false, deviceScreenSize=1080x1920, platformName=Android, deviceName=emulator-5554, deviceManufacturer=oppo, webStorageEnabled=false, unicodeKeyboard=true, resetKeyboard=false, warnings={}, takesScreenshot=true}]
	at sun.reflect.NativeConstructorAccessorImpl.newInstance0(Native Method)
	at sun.reflect.NativeConstructorAccessorImpl.newInstance(NativeConstructorAccessorImpl.java:57)
	at sun.reflect.DelegatingConstructorAccessorImpl.newInstance(DelegatingConstructorAccessorImpl.java:45)
	at java.lang.reflect.Constructor.newInstance(Constructor.java:526)
	at org.openqa.selenium.remote.ErrorHandler.createThrowable(ErrorHandler.java:206)
	at org.openqa.selenium.remote.ErrorHandler.throwIfResponseFailed(ErrorHandler.java:158)
	at org.openqa.selenium.remote.RemoteWebDriver.execute(RemoteWebDriver.java:678)
	at io.appium.java_client.DefaultGenericMobileDriver.execute(DefaultGenericMobileDriver.java:40)
	at io.appium.java_client.AppiumDriver.execute(AppiumDriver.java:1)
	at io.appium.java_client.android.AndroidDriver.execute(AndroidDriver.java:1)
	at org.openqa.selenium.remote.RemoteWebDriver.findElement(RemoteWebDriver.java:363)
	at io.appium.java_client.DefaultGenericMobileDriver.findElement(DefaultGenericMobileDriver.java:56)
	at io.appium.java_client.AppiumDriver.findElement(AppiumDriver.java:1)
	at io.appium.java_client.android.AndroidDriver.findElement(AndroidDriver.java:1)
	at org.openqa.selenium.remote.RemoteWebDriver.findElementById(RemoteWebDriver.java:413)
	at io.appium.java_client.DefaultGenericMobileDriver.findElementById(DefaultGenericMobileDriver.java:64)
	at io.appium.java_client.AppiumDriver.findElementById(AppiumDriver.java:1)
	at io.appium.java_client.android.AndroidDriver.findElementById(AndroidDriver.java:1)
	at org.openqa.selenium.By$ById.findElement(By.java:218)
	at org.openqa.selenium.remote.RemoteWebDriver.findElement(RemoteWebDriver.java:355)
	at io.appium.java_client.DefaultGenericMobileDriver.findElement(DefaultGenericMobileDriver.java:52)
	at io.appium.java_client.AppiumDriver.findElement(AppiumDriver.java:1)
	at io.appium.java_client.android.AndroidDriver.findElement(AndroidDriver.java:1)
	at cn.taofen8.test.tf8_test.test1(tf8_test.java:91)
	at sun.reflect.NativeMethodAccessorImpl.invoke0(Native Method)
	at sun.reflect.NativeMethodAccessorImpl.invoke(NativeMethodAccessorImpl.java:57)
	at sun.reflect.DelegatingMethodAccessorImpl.invoke(DelegatingMethodAccessorImpl.java:43)
	at java.lang.reflect.Method.invoke(Method.java:606)
	at org.testng.internal.MethodInvocationHelper.invokeMethod(MethodInvocationHelper.java:85)
	at org.testng.internal.Invoker.invokeMethod(Invoker.java:639)
	at org.testng.internal.Invoker.invokeTestMethod(Invoker.java:816)
	at org.testng.internal.Invoker.invokeTestMethods(Invoker.java:1124)
	at org.testng.internal.TestMethodWorker.invokeTestMethods(TestMethodWorker.java:125)
	at org.testng.internal.TestMethodWorker.run(TestMethodWorker.java:108)
	at org.testng.TestRunner.privateRun(TestRunner.java:774)
	at org.testng.TestRunner.run(TestRunner.java:624)
	at org.testng.SuiteRunner.runTest(SuiteRunner.java:359)
	at org.testng.SuiteRunner.runSequentially(SuiteRunner.java:354)
	at org.testng.SuiteRunner.privateRun(SuiteRunner.java:312)
	at org.testng.SuiteRunner.run(SuiteRunner.java:261)
	at org.testng.SuiteRunnerWorker.runSuite(SuiteRunnerWorker.java:52)
	at org.testng.SuiteRunnerWorker.run(SuiteRunnerWorker.java:86)
	at org.testng.TestNG.runSuitesSequentially(TestNG.java:1215)
	at org.testng.TestNG.runSuitesLocally(TestNG.java:1140)
	at org.testng.TestNG.run(TestNG.java:1048)
	at org.testng.remote.AbstractRemoteTestNG.run(AbstractRemoteTestNG.java:114)
	at org.testng.remote.RemoteTestNG.initAndRun(RemoteTestNG.java:251)
	at org.testng.remote.RemoteTestNG.main(RemoteTestNG.java:77)
]]>
            </full-stacktrace>
          </exception> <!-- org.openqa.selenium.NoSuchElementException -->
          <reporter-output>
          </reporter-output>
        </test-method> <!-- test1 -->
        <test-method status="FAIL" signature="test2()[pri:0, instance:cn.taofen8.test.tf8_test@cd63cd3]" name="test2" duration-ms="49559" started-at="2019-01-15T10:29:01Z" finished-at="2019-01-15T10:29:50Z">
          <exception class="org.openqa.selenium.NoSuchElementException">
            <message>
              <![CDATA[An element could not be located on the page using the given search parameters. (WARNING: The server did not provide any stacktrace information)
Command duration or timeout: 10.11 seconds
For documentation on this error, please visit: http://seleniumhq.org/exceptions/no_such_element.html
Build info: version: '2.53.1', revision: 'a36b8b1', time: '2016-06-30 17:37:03'
System info: host: 'DESKTOP-00V8S38', ip: '192.168.30.133', os.name: 'Windows 8.1', os.arch: 'amd64', os.version: '6.3', java.version: '1.7.0_80'
*** Element info: {Using=xpath, value=//android.view.View[@text='立即领券']}
Session ID: cf5006ba-03c3-462f-881c-986b35bee56d
Driver info: io.appium.java_client.android.AndroidDriver
Capabilities [{automationName=Appium, app=D:\zl\zl_workspace\TestAppniumSelenium\apps\V10.22.apk, platform=LINUX, javascriptEnabled=true, appActivity=.module.load.LoadActivity, networkConnectionEnabled=true, deviceModel=oppo r7s, sessionOverride=true, noSign=true, desired={automationName=Appium, app=D:\zl\zl_workspace\TestAppniumSelenium\apps\V10.22.apk, platformVersion=5.1.1, platformName=Android, deviceName=HTC D816w, appActivity=.module.load.LoadActivity, noSign=true, unicodeKeyboard=true, sessionOverride=true, resetKeyboard=false, appPackage=com.leixun.taofen8, noReset=true}, locationContextEnabled=false, appPackage=com.leixun.taofen8, deviceUDID=emulator-5554, noReset=true, platformVersion=5.1.1, databaseEnabled=false, deviceScreenSize=1080x1920, platformName=Android, deviceName=emulator-5554, deviceManufacturer=oppo, webStorageEnabled=false, unicodeKeyboard=true, resetKeyboard=false, warnings={}, takesScreenshot=true}]]]>
            </message>
            <full-stacktrace>
              <![CDATA[org.openqa.selenium.NoSuchElementException: An element could not be located on the page using the given search parameters. (WARNING: The server did not provide any stacktrace information)
Command duration or timeout: 10.11 seconds
For documentation on this error, please visit: http://seleniumhq.org/exceptions/no_such_element.html
Build info: version: '2.53.1', revision: 'a36b8b1', time: '2016-06-30 17:37:03'
System info: host: 'DESKTOP-00V8S38', ip: '192.168.30.133', os.name: 'Windows 8.1', os.arch: 'amd64', os.version: '6.3', java.version: '1.7.0_80'
*** Element info: {Using=xpath, value=//android.view.View[@text='立即领券']}
Session ID: cf5006ba-03c3-462f-881c-986b35bee56d
Driver info: io.appium.java_client.android.AndroidDriver
Capabilities [{automationName=Appium, app=D:\zl\zl_workspace\TestAppniumSelenium\apps\V10.22.apk, platform=LINUX, javascriptEnabled=true, appActivity=.module.load.LoadActivity, networkConnectionEnabled=true, deviceModel=oppo r7s, sessionOverride=true, noSign=true, desired={automationName=Appium, app=D:\zl\zl_workspace\TestAppniumSelenium\apps\V10.22.apk, platformVersion=5.1.1, platformName=Android, deviceName=HTC D816w, appActivity=.module.load.LoadActivity, noSign=true, unicodeKeyboard=true, sessionOverride=true, resetKeyboard=false, appPackage=com.leixun.taofen8, noReset=true}, locationContextEnabled=false, appPackage=com.leixun.taofen8, deviceUDID=emulator-5554, noReset=true, platformVersion=5.1.1, databaseEnabled=false, deviceScreenSize=1080x1920, platformName=Android, deviceName=emulator-5554, deviceManufacturer=oppo, webStorageEnabled=false, unicodeKeyboard=true, resetKeyboard=false, warnings={}, takesScreenshot=true}]
	at sun.reflect.NativeConstructorAccessorImpl.newInstance0(Native Method)
	at sun.reflect.NativeConstructorAccessorImpl.newInstance(NativeConstructorAccessorImpl.java:57)
	at sun.reflect.DelegatingConstructorAccessorImpl.newInstance(DelegatingConstructorAccessorImpl.java:45)
	at java.lang.reflect.Constructor.newInstance(Constructor.java:526)
	at org.openqa.selenium.remote.ErrorHandler.createThrowable(ErrorHandler.java:206)
	at org.openqa.selenium.remote.ErrorHandler.throwIfResponseFailed(ErrorHandler.java:158)
	at org.openqa.selenium.remote.RemoteWebDriver.execute(RemoteWebDriver.java:678)
	at io.appium.java_client.DefaultGenericMobileDriver.execute(DefaultGenericMobileDriver.java:40)
	at io.appium.java_client.AppiumDriver.execute(AppiumDriver.java:1)
	at io.appium.java_client.android.AndroidDriver.execute(AndroidDriver.java:1)
	at org.openqa.selenium.remote.RemoteWebDriver.findElement(RemoteWebDriver.java:363)
	at io.appium.java_client.DefaultGenericMobileDriver.findElement(DefaultGenericMobileDriver.java:56)
	at io.appium.java_client.AppiumDriver.findElement(AppiumDriver.java:1)
	at io.appium.java_client.android.AndroidDriver.findElement(AndroidDriver.java:1)
	at org.openqa.selenium.remote.RemoteWebDriver.findElementByXPath(RemoteWebDriver.java:500)
	at io.appium.java_client.DefaultGenericMobileDriver.findElementByXPath(DefaultGenericMobileDriver.java:134)
	at io.appium.java_client.AppiumDriver.findElementByXPath(AppiumDriver.java:1)
	at io.appium.java_client.android.AndroidDriver.findElementByXPath(AndroidDriver.java:1)
	at org.openqa.selenium.By$ByXPath.findElement(By.java:361)
	at org.openqa.selenium.remote.RemoteWebDriver.findElement(RemoteWebDriver.java:355)
	at io.appium.java_client.DefaultGenericMobileDriver.findElement(DefaultGenericMobileDriver.java:52)
	at io.appium.java_client.AppiumDriver.findElement(AppiumDriver.java:1)
	at io.appium.java_client.android.AndroidDriver.findElement(AndroidDriver.java:1)
	at cn.taofen8.test.tf8_test.test2(tf8_test.java:143)
	at sun.reflect.NativeMethodAccessorImpl.invoke0(Native Method)
	at sun.reflect.NativeMethodAccessorImpl.invoke(NativeMethodAccessorImpl.java:57)
	at sun.reflect.DelegatingMethodAccessorImpl.invoke(DelegatingMethodAccessorImpl.java:43)
	at java.lang.reflect.Method.invoke(Method.java:606)
	at org.testng.internal.MethodInvocationHelper.invokeMethod(MethodInvocationHelper.java:85)
	at org.testng.internal.Invoker.invokeMethod(Invoker.java:639)
	at org.testng.internal.Invoker.invokeTestMethod(Invoker.java:816)
	at org.testng.internal.Invoker.invokeTestMethods(Invoker.java:1124)
	at org.testng.internal.TestMethodWorker.invokeTestMethods(TestMethodWorker.java:125)
	at org.testng.internal.TestMethodWorker.run(TestMethodWorker.java:108)
	at org.testng.TestRunner.privateRun(TestRunner.java:774)
	at org.testng.TestRunner.run(TestRunner.java:624)
	at org.testng.SuiteRunner.runTest(SuiteRunner.java:359)
	at org.testng.SuiteRunner.runSequentially(SuiteRunner.java:354)
	at org.testng.SuiteRunner.privateRun(SuiteRunner.java:312)
	at org.testng.SuiteRunner.run(SuiteRunner.java:261)
	at org.testng.SuiteRunnerWorker.runSuite(SuiteRunnerWorker.java:52)
	at org.testng.SuiteRunnerWorker.run(SuiteRunnerWorker.java:86)
	at org.testng.TestNG.runSuitesSequentially(TestNG.java:1215)
	at org.testng.TestNG.runSuitesLocally(TestNG.java:1140)
	at org.testng.TestNG.run(TestNG.java:1048)
	at org.testng.remote.AbstractRemoteTestNG.run(AbstractRemoteTestNG.java:114)
	at org.testng.remote.RemoteTestNG.initAndRun(RemoteTestNG.java:251)
	at org.testng.remote.RemoteTestNG.main(RemoteTestNG.java:77)
]]>
            </full-stacktrace>
          </exception> <!-- org.openqa.selenium.NoSuchElementException -->
          <reporter-output>
          </reporter-output>
        </test-method> <!-- test2 -->
      </class> <!-- cn.taofen8.test.tf8_test -->
    </test> <!-- Default test -->
  </suite> <!-- Default suite -->
</testng-results>
